[INFO] 2025-04-24T17:35:11.955Z - Server running in development mode on port 5000
[INFO] 2025-04-24T17:35:11.979Z - MongoDB Connected: localhost
[INFO] 2025-04-24T17:35:30.072Z - Proxying request to devchi: GET /gateway/devchi/humor/random
[INFO] 2025-04-24T17:35:58.206Z - Proxying request to devchi: GET /gateway/devchi/humor/random
[INFO] 2025-04-24T17:36:01.660Z - Proxying request to devchi: GET /gateway/devchi/humor/random
[INFO] 2025-04-29T18:25:44.342Z - Server running in development mode on port 5000
[INFO] 2025-04-29T18:25:44.442Z - MongoDB Connected: localhost
[INFO] 2025-04-29T18:35:47.230Z - Proxying request to devchi: GET /gateway/devchi/humor/random
[INFO] 2025-04-29T19:47:25.660Z - Proxying request to devchi: GET /gateway/devchi/humor/random
[INFO] 2025-04-29T20:02:24.935Z - Server running in development mode on port 5000
[INFO] 2025-04-29T20:02:24.962Z - MongoDB Connected: localhost
[INFO] 2025-04-29T20:06:01.252Z - Server running in development mode on port 5000
[INFO] 2025-04-29T20:06:01.279Z - MongoDB Connected: localhost
[INFO] 2025-04-29T20:08:01.605Z - Server running in development mode on port 5000
[INFO] 2025-04-29T20:08:01.629Z - MongoDB Connected: localhost
[INFO] 2025-04-29T20:11:49.662Z - Server running in development mode on port 5000
[INFO] 2025-04-29T20:11:49.688Z - MongoDB Connected: localhost
[INFO] 2025-04-30T16:34:38.330Z - Server running in development mode on port 5000
[INFO] 2025-04-30T16:34:38.380Z - MongoDB Connected: localhost
[INFO] 2025-04-30T16:49:35.076Z - Server running in development mode on port 5000
[INFO] 2025-04-30T16:49:35.099Z - MongoDB Connected: localhost
[INFO] 2025-04-30T19:04:16.564Z - Server running in development mode on port 5000
[INFO] 2025-04-30T19:04:16.597Z - MongoDB Connected: localhost
[INFO] 2025-05-02T14:44:44.321Z - Server running in development mode on port 5000
[INFO] 2025-05-02T14:44:44.345Z - MongoDB Connected: localhost
[INFO] 2025-05-02T14:46:06.544Z - Generated new API key for user user_2wMat7w7uhiNVL93uZwnmPTFb9W for API DevChi API
[INFO] 2025-05-02T14:46:06.545Z - User user_2wMat7w7uhiNVL93uZwnmPTFb9W created new API key for API ID 6809eede33372f4c8ba80f26
[INFO] 2025-05-02T14:50:17.657Z - Generated new API key for user user_2wMat7w7uhiNVL93uZwnmPTFb9W for API DevChi API
[INFO] 2025-05-02T14:50:17.658Z - User user_2wMat7w7uhiNVL93uZwnmPTFb9W created new API key for API ID 6809eede33372f4c8ba80f26
[INFO] 2025-05-02T14:53:14.465Z - Server running in development mode on port 5000
[INFO] 2025-05-02T14:53:14.484Z - MongoDB Connected: localhost
[INFO] 2025-05-02T15:01:51.274Z - Server running in development mode on port 5000
[INFO] 2025-05-02T15:01:51.292Z - MongoDB Connected: localhost
[INFO] 2025-05-02T15:40:20.227Z - Generated new API key for user user_2wMat7w7uhiNVL93uZwnmPTFb9W for API DevChi API
[INFO] 2025-05-02T15:40:20.228Z - User user_2wMat7w7uhiNVL93uZwnmPTFb9W created new API key for API ID 6809eede33372f4c8ba80f26
[INFO] 2025-05-02T17:21:44.532Z - Generated new API key for user user_2wMat7w7uhiNVL93uZwnmPTFb9W for API DevChi API
[INFO] 2025-05-02T17:21:44.535Z - User user_2wMat7w7uhiNVL93uZwnmPTFb9W created new API key for API ID 6809eede33372f4c8ba80f26
[INFO] 2025-05-02T17:23:31.974Z - Generated new API key for user user_2wMat7w7uhiNVL93uZwnmPTFb9W for API DevChi API
[INFO] 2025-05-02T17:23:31.975Z - User user_2wMat7w7uhiNVL93uZwnmPTFb9W created new API key for API ID 6809eede33372f4c8ba80f26
[INFO] 2025-05-02T17:24:58.880Z - Generated new API key for user user_2wMat7w7uhiNVL93uZwnmPTFb9W for API URL Shortener with QR
[INFO] 2025-05-02T17:24:58.881Z - User user_2wMat7w7uhiNVL93uZwnmPTFb9W created new API key for API ID 6814c54598197ea2123b4f46
[INFO] 2025-05-02T17:26:28.801Z - Generated new API key for user user_2wMat7w7uhiNVL93uZwnmPTFb9W for API URL Shortener with QR
[INFO] 2025-05-02T17:26:28.802Z - User user_2wMat7w7uhiNVL93uZwnmPTFb9W created new API key for API ID 6814c54598197ea2123b4f46
[INFO] 2025-05-02T19:13:27.881Z - Server running in development mode on port 5000
[INFO] 2025-05-02T19:13:27.904Z - MongoDB Connected: localhost
[INFO] 2025-05-03T04:12:29.340Z - Server running in development mode on port 5000
[INFO] 2025-05-03T04:12:29.387Z - MongoDB Connected: localhost
[INFO] 2025-05-03T04:27:38.803Z - Server running in development mode on port 5000
[INFO] 2025-05-03T04:27:38.823Z - MongoDB Connected: localhost
